<?xml version="1.0" encoding="UTF-8"?>
<testsuite name="com.example.app.AppApplicationTests" tests="1" skipped="0" failures="0" errors="0" timestamp="2023-03-25T19:32:09" hostname="janghyolim-ui-MacBookAir.local" time="0.277">
  <properties/>
  <testcase name="QnA Test" classname="com.example.app.AppApplicationTests" time="0.277"/>
  <system-out><![CDATA[04:32:04.515 [Test worker] DEBUG org.springframework.boot.test.context.SpringBootTestContextBootstrapper - Neither @ContextConfiguration nor @ContextHierarchy found for test class [AppApplicationTests]: using SpringBootContextLoader
04:32:04.519 [Test worker] DEBUG org.springframework.test.context.support.AbstractContextLoader - Could not detect default resource locations for test class [com.example.app.AppApplicationTests]: no resource found for suffixes {-context.xml, Context.groovy}.
04:32:04.519 [Test worker] INFO org.springframework.test.context.support.AnnotationConfigContextLoaderUtils - Could not detect default configuration classes for test class [com.example.app.AppApplicationTests]: AppApplicationTests does not declare any static, non-private, non-final, nested classes annotated with @Configuration.
04:32:04.537 [Test worker] DEBUG org.springframework.boot.test.context.SpringBootTestContextBootstrapper - Using ContextCustomizers for test class [AppApplicationTests]: [DisableObservabilityContextCustomizer, PropertyMappingContextCustomizer, Customizer, ExcludeFilterContextCustomizer, DuplicateJsonObjectContextCustomizer, MockitoContextCustomizer, TestRestTemplateContextCustomizer]
04:32:04.591 [Test worker] DEBUG org.springframework.context.annotation.ClassPathScanningCandidateComponentProvider - Identified candidate component class: file [/Users/janghyolim/IdeaProjects/project_study/app/build/classes/java/main/com/example/app/AppApplication.class]
04:32:04.601 [Test worker] INFO org.springframework.boot.test.context.SpringBootTestContextBootstrapper - Found @SpringBootConfiguration com.example.app.AppApplication for test class com.example.app.AppApplicationTests
04:32:04.670 [Test worker] DEBUG org.springframework.boot.test.context.SpringBootTestContextBootstrapper - Using TestExecutionListeners for test class [AppApplicationTests]: [ServletTestExecutionListener, DirtiesContextBeforeModesTestExecutionListener, ApplicationEventsTestExecutionListener, MockitoTestExecutionListener, DependencyInjectionTestExecutionListener, DirtiesContextTestExecutionListener, TransactionalTestExecutionListener, SqlScriptsTestExecutionListener, EventPublishingTestExecutionListener, RestDocsTestExecutionListener, MockRestServiceServerResetTestExecutionListener, MockMvcPrintOnlyOnFailureTestExecutionListener, WebDriverTestExecutionListener, MockWebServiceServerTestExecutionListener, ResetMocksTestExecutionListener]
04:32:04.670 [Test worker] DEBUG org.springframework.test.context.support.AbstractDirtiesContextTestExecutionListener - Before test class: class [AppApplicationTests], class annotated with @DirtiesContext [false] with mode [null]

  .   ____          _            __ _ _
 /\\ / ___'_ __ _ _(_)_ __  __ _ \ \ \ \
( ( )\___ | '_ | '_| | '_ \/ _` | \ \ \ \
 \\/  ___)| |_)| | | | | || (_| |  ) ) ) )
  '  |____| .__|_| |_|_| |_\__, | / / / /
 =========|_|==============|___/=/_/_/_/
?[32m :: Spring Boot :: ?[39m              ?[2m (v3.0.1)?[0;39m

?[2m2023-03-26T04:32:04.997+09:00?[0;39m ?[32m INFO?[0;39m ?[35m4943?[0;39m ?[2m---?[0;39m ?[2m[    Test worker]?[0;39m ?[36mcom.example.app.AppApplicationTests     ?[0;39m ?[2m:?[0;39m Starting AppApplicationTests using Java 17.0.6 with PID 4943 (started by janghyolim in /Users/janghyolim/IdeaProjects/project_study/app)
?[2m2023-03-26T04:32:04.998+09:00?[0;39m ?[32m INFO?[0;39m ?[35m4943?[0;39m ?[2m---?[0;39m ?[2m[    Test worker]?[0;39m ?[36mcom.example.app.AppApplicationTests     ?[0;39m ?[2m:?[0;39m No active profile set, falling back to 1 default profile: "default"
?[2m2023-03-26T04:32:05.759+09:00?[0;39m ?[32m INFO?[0;39m ?[35m4943?[0;39m ?[2m---?[0;39m ?[2m[    Test worker]?[0;39m ?[36m.s.d.r.c.RepositoryConfigurationDelegate?[0;39m ?[2m:?[0;39m Bootstrapping Spring Data JPA repositories in DEFAULT mode.
?[2m2023-03-26T04:32:05.819+09:00?[0;39m ?[32m INFO?[0;39m ?[35m4943?[0;39m ?[2m---?[0;39m ?[2m[    Test worker]?[0;39m ?[36m.s.d.r.c.RepositoryConfigurationDelegate?[0;39m ?[2m:?[0;39m Finished Spring Data repository scanning in 54 ms. Found 8 JPA repository interfaces.
?[2m2023-03-26T04:32:06.329+09:00?[0;39m ?[32m INFO?[0;39m ?[35m4943?[0;39m ?[2m---?[0;39m ?[2m[    Test worker]?[0;39m ?[36mo.hibernate.jpa.internal.util.LogHelper ?[0;39m ?[2m:?[0;39m HHH000204: Processing PersistenceUnitInfo [name: default]
?[2m2023-03-26T04:32:06.370+09:00?[0;39m ?[32m INFO?[0;39m ?[35m4943?[0;39m ?[2m---?[0;39m ?[2m[    Test worker]?[0;39m ?[36morg.hibernate.Version                   ?[0;39m ?[2m:?[0;39m HHH000412: Hibernate ORM core version 6.1.6.Final
?[2m2023-03-26T04:32:06.525+09:00?[0;39m ?[33m WARN?[0;39m ?[35m4943?[0;39m ?[2m---?[0;39m ?[2m[    Test worker]?[0;39m ?[36morg.hibernate.orm.deprecation           ?[0;39m ?[2m:?[0;39m HHH90000021: Encountered deprecated setting [javax.persistence.sharedCache.mode], use [jakarta.persistence.sharedCache.mode] instead
?[2m2023-03-26T04:32:06.626+09:00?[0;39m ?[32m INFO?[0;39m ?[35m4943?[0;39m ?[2m---?[0;39m ?[2m[    Test worker]?[0;39m ?[36mcom.zaxxer.hikari.HikariDataSource      ?[0;39m ?[2m:?[0;39m HikariPool-1 - Starting...
?[2m2023-03-26T04:32:06.901+09:00?[0;39m ?[32m INFO?[0;39m ?[35m4943?[0;39m ?[2m---?[0;39m ?[2m[    Test worker]?[0;39m ?[36mcom.zaxxer.hikari.pool.HikariPool       ?[0;39m ?[2m:?[0;39m HikariPool-1 - Added connection com.mysql.cj.jdbc.ConnectionImpl@5f33e6d
?[2m2023-03-26T04:32:06.903+09:00?[0;39m ?[32m INFO?[0;39m ?[35m4943?[0;39m ?[2m---?[0;39m ?[2m[    Test worker]?[0;39m ?[36mcom.zaxxer.hikari.HikariDataSource      ?[0;39m ?[2m:?[0;39m HikariPool-1 - Start completed.
?[2m2023-03-26T04:32:06.917+09:00?[0;39m ?[32m INFO?[0;39m ?[35m4943?[0;39m ?[2m---?[0;39m ?[2m[    Test worker]?[0;39m ?[36mSQL dialect                             ?[0;39m ?[2m:?[0;39m HHH000400: Using dialect: org.hibernate.dialect.MySQL8Dialect
?[2m2023-03-26T04:32:06.917+09:00?[0;39m ?[33m WARN?[0;39m ?[35m4943?[0;39m ?[2m---?[0;39m ?[2m[    Test worker]?[0;39m ?[36morg.hibernate.orm.deprecation           ?[0;39m ?[2m:?[0;39m HHH90000026: MySQL8Dialect has been deprecated; use org.hibernate.dialect.MySQLDialect instead
?[2m2023-03-26T04:32:07.729+09:00?[0;39m ?[32m INFO?[0;39m ?[35m4943?[0;39m ?[2m---?[0;39m ?[2m[    Test worker]?[0;39m ?[36mo.h.e.t.j.p.i.JtaPlatformInitiator      ?[0;39m ?[2m:?[0;39m HHH000490: Using JtaPlatform implementation: [org.hibernate.engine.transaction.jta.platform.internal.NoJtaPlatform]
?[2m2023-03-26T04:32:07.735+09:00?[0;39m ?[32m INFO?[0;39m ?[35m4943?[0;39m ?[2m---?[0;39m ?[2m[    Test worker]?[0;39m ?[36mj.LocalContainerEntityManagerFactoryBean?[0;39m ?[2m:?[0;39m Initialized JPA EntityManagerFactory for persistence unit 'default'
?[2m2023-03-26T04:32:08.479+09:00?[0;39m ?[33m WARN?[0;39m ?[35m4943?[0;39m ?[2m---?[0;39m ?[2m[    Test worker]?[0;39m ?[36mJpaBaseConfiguration$JpaWebConfiguration?[0;39m ?[2m:?[0;39m spring.jpa.open-in-view is enabled by default. Therefore, database queries may be performed during view rendering. Explicitly configure spring.jpa.open-in-view to disable this warning
?[2m2023-03-26T04:32:08.591+09:00?[0;39m ?[32m INFO?[0;39m ?[35m4943?[0;39m ?[2m---?[0;39m ?[2m[    Test worker]?[0;39m ?[36mo.s.s.web.DefaultSecurityFilterChain    ?[0;39m ?[2m:?[0;39m Will secure any request with [org.springframework.security.web.session.DisableEncodeUrlFilter@79c4454, org.springframework.security.web.context.request.async.WebAsyncManagerIntegrationFilter@50f5ce5b, org.springframework.security.web.context.SecurityContextHolderFilter@64864875, org.springframework.security.web.header.HeaderWriterFilter@7f6137fb, org.springframework.security.web.csrf.CsrfFilter@496e2bdd, org.springframework.security.web.authentication.logout.LogoutFilter@352a8183, org.springframework.security.web.authentication.UsernamePasswordAuthenticationFilter@420dde28, org.springframework.security.web.savedrequest.RequestCacheAwareFilter@6eeb15f9, org.springframework.security.web.servletapi.SecurityContextHolderAwareRequestFilter@1f8a1b, org.springframework.security.web.authentication.AnonymousAuthenticationFilter@31aee6d9, org.springframework.security.web.access.ExceptionTranslationFilter@7ae75ba6, org.springframework.security.web.access.intercept.AuthorizationFilter@8e100e7]
?[2m2023-03-26T04:32:09.164+09:00?[0;39m ?[32m INFO?[0;39m ?[35m4943?[0;39m ?[2m---?[0;39m ?[2m[    Test worker]?[0;39m ?[36mcom.example.app.AppApplicationTests     ?[0;39m ?[2m:?[0;39m Started AppApplicationTests in 4.45 seconds (process running for 5.245)
Hibernate: select s1_0.id,s1_0.create_date,s1_0.email,s1_0.grade,s1_0.name,s1_0.password,s1_0.personal_id,s1_0.school,s1_0.username from student s1_0 where s1_0.id=?
Hibernate: select c1_0.id,c1_0.code,c1_0.create_date,t1_0.id,t1_0.create_date,t1_0.email,t1_0.modified_date,t1_0.name,t1_0.password,t1_0.personal_id,t1_0.school,t1_0.username,c1_0.title from class_room c1_0 left join teacher t1_0 on t1_0.id=c1_0.teacher_id where c1_0.id=?
Hibernate: insert into qna (class_room_id, content, create_date, modify_date, student_id, title) values (?, ?, ?, ?, ?, ?)
Hibernate: insert into qna (class_room_id, content, create_date, modify_date, student_id, title) values (?, ?, ?, ?, ?, ?)
Hibernate: insert into qna (class_room_id, content, create_date, modify_date, student_id, title) values (?, ?, ?, ?, ?, ?)
Hibernate: insert into qna (class_room_id, content, create_date, modify_date, student_id, title) values (?, ?, ?, ?, ?, ?)
Hibernate: insert into qna (class_room_id, content, create_date, modify_date, student_id, title) values (?, ?, ?, ?, ?, ?)
Hibernate: insert into qna (class_room_id, content, create_date, modify_date, student_id, title) values (?, ?, ?, ?, ?, ?)
Hibernate: insert into qna (class_room_id, content, create_date, modify_date, student_id, title) values (?, ?, ?, ?, ?, ?)
Hibernate: insert into qna (class_room_id, content, create_date, modify_date, student_id, title) values (?, ?, ?, ?, ?, ?)
Hibernate: insert into qna (class_room_id, content, create_date, modify_date, student_id, title) values (?, ?, ?, ?, ?, ?)
Hibernate: insert into qna (class_room_id, content, create_date, modify_date, student_id, title) values (?, ?, ?, ?, ?, ?)
]]></system-out>
  <system-err><![CDATA[]]></system-err>
</testsuite>
