<?xml version="1.0" encoding="UTF-8"?>
<testsuite name="com.example.app.AppApplicationTests" tests="1" skipped="0" failures="0" errors="0" timestamp="2023-03-24T11:09:08" hostname="janghyolim-ui-MacBookAir.local" time="0.298">
  <properties/>
  <testcase name="성적 잘 들어감?" classname="com.example.app.AppApplicationTests" time="0.298"/>
  <system-out><![CDATA[20:09:04.101 [Test worker] DEBUG org.springframework.boot.test.context.SpringBootTestContextBootstrapper - Neither @ContextConfiguration nor @ContextHierarchy found for test class [AppApplicationTests]: using SpringBootContextLoader
20:09:04.106 [Test worker] DEBUG org.springframework.test.context.support.AbstractContextLoader - Could not detect default resource locations for test class [com.example.app.AppApplicationTests]: no resource found for suffixes {-context.xml, Context.groovy}.
20:09:04.106 [Test worker] INFO org.springframework.test.context.support.AnnotationConfigContextLoaderUtils - Could not detect default configuration classes for test class [com.example.app.AppApplicationTests]: AppApplicationTests does not declare any static, non-private, non-final, nested classes annotated with @Configuration.
20:09:04.123 [Test worker] DEBUG org.springframework.boot.test.context.SpringBootTestContextBootstrapper - Using ContextCustomizers for test class [AppApplicationTests]: [DisableObservabilityContextCustomizer, PropertyMappingContextCustomizer, Customizer, ExcludeFilterContextCustomizer, DuplicateJsonObjectContextCustomizer, MockitoContextCustomizer, TestRestTemplateContextCustomizer]
20:09:04.178 [Test worker] DEBUG org.springframework.context.annotation.ClassPathScanningCandidateComponentProvider - Identified candidate component class: file [/Users/janghyolim/IdeaProjects/project_study/app/build/classes/java/main/com/example/app/AppApplication.class]
20:09:04.188 [Test worker] INFO org.springframework.boot.test.context.SpringBootTestContextBootstrapper - Found @SpringBootConfiguration com.example.app.AppApplication for test class com.example.app.AppApplicationTests
20:09:04.250 [Test worker] DEBUG org.springframework.boot.test.context.SpringBootTestContextBootstrapper - Using TestExecutionListeners for test class [AppApplicationTests]: [ServletTestExecutionListener, DirtiesContextBeforeModesTestExecutionListener, ApplicationEventsTestExecutionListener, MockitoTestExecutionListener, DependencyInjectionTestExecutionListener, DirtiesContextTestExecutionListener, TransactionalTestExecutionListener, SqlScriptsTestExecutionListener, EventPublishingTestExecutionListener, RestDocsTestExecutionListener, MockRestServiceServerResetTestExecutionListener, MockMvcPrintOnlyOnFailureTestExecutionListener, WebDriverTestExecutionListener, MockWebServiceServerTestExecutionListener, ResetMocksTestExecutionListener]
20:09:04.250 [Test worker] DEBUG org.springframework.test.context.support.AbstractDirtiesContextTestExecutionListener - Before test class: class [AppApplicationTests], class annotated with @DirtiesContext [false] with mode [null]

  .   ____          _            __ _ _
 /\\ / ___'_ __ _ _(_)_ __  __ _ \ \ \ \
( ( )\___ | '_ | '_| | '_ \/ _` | \ \ \ \
 \\/  ___)| |_)| | | | | || (_| |  ) ) ) )
  '  |____| .__|_| |_|_| |_\__, | / / / /
 =========|_|==============|___/=/_/_/_/
?[32m :: Spring Boot :: ?[39m              ?[2m (v3.0.1)?[0;39m

?[2m2023-03-24T20:09:04.457+09:00?[0;39m ?[32m INFO?[0;39m ?[35m8952?[0;39m ?[2m---?[0;39m ?[2m[    Test worker]?[0;39m ?[36mcom.example.app.AppApplicationTests     ?[0;39m ?[2m:?[0;39m Starting AppApplicationTests using Java 17.0.6 with PID 8952 (started by janghyolim in /Users/janghyolim/IdeaProjects/project_study/app)
?[2m2023-03-24T20:09:04.458+09:00?[0;39m ?[32m INFO?[0;39m ?[35m8952?[0;39m ?[2m---?[0;39m ?[2m[    Test worker]?[0;39m ?[36mcom.example.app.AppApplicationTests     ?[0;39m ?[2m:?[0;39m No active profile set, falling back to 1 default profile: "default"
?[2m2023-03-24T20:09:05.167+09:00?[0;39m ?[32m INFO?[0;39m ?[35m8952?[0;39m ?[2m---?[0;39m ?[2m[    Test worker]?[0;39m ?[36m.s.d.r.c.RepositoryConfigurationDelegate?[0;39m ?[2m:?[0;39m Bootstrapping Spring Data JPA repositories in DEFAULT mode.
?[2m2023-03-24T20:09:05.227+09:00?[0;39m ?[32m INFO?[0;39m ?[35m8952?[0;39m ?[2m---?[0;39m ?[2m[    Test worker]?[0;39m ?[36m.s.d.r.c.RepositoryConfigurationDelegate?[0;39m ?[2m:?[0;39m Finished Spring Data repository scanning in 54 ms. Found 8 JPA repository interfaces.
?[2m2023-03-24T20:09:05.663+09:00?[0;39m ?[32m INFO?[0;39m ?[35m8952?[0;39m ?[2m---?[0;39m ?[2m[    Test worker]?[0;39m ?[36mo.hibernate.jpa.internal.util.LogHelper ?[0;39m ?[2m:?[0;39m HHH000204: Processing PersistenceUnitInfo [name: default]
?[2m2023-03-24T20:09:05.698+09:00?[0;39m ?[32m INFO?[0;39m ?[35m8952?[0;39m ?[2m---?[0;39m ?[2m[    Test worker]?[0;39m ?[36morg.hibernate.Version                   ?[0;39m ?[2m:?[0;39m HHH000412: Hibernate ORM core version 6.1.6.Final
?[2m2023-03-24T20:09:05.838+09:00?[0;39m ?[33m WARN?[0;39m ?[35m8952?[0;39m ?[2m---?[0;39m ?[2m[    Test worker]?[0;39m ?[36morg.hibernate.orm.deprecation           ?[0;39m ?[2m:?[0;39m HHH90000021: Encountered deprecated setting [javax.persistence.sharedCache.mode], use [jakarta.persistence.sharedCache.mode] instead
?[2m2023-03-24T20:09:05.921+09:00?[0;39m ?[32m INFO?[0;39m ?[35m8952?[0;39m ?[2m---?[0;39m ?[2m[    Test worker]?[0;39m ?[36mcom.zaxxer.hikari.HikariDataSource      ?[0;39m ?[2m:?[0;39m HikariPool-1 - Starting...
?[2m2023-03-24T20:09:06.198+09:00?[0;39m ?[32m INFO?[0;39m ?[35m8952?[0;39m ?[2m---?[0;39m ?[2m[    Test worker]?[0;39m ?[36mcom.zaxxer.hikari.pool.HikariPool       ?[0;39m ?[2m:?[0;39m HikariPool-1 - Added connection com.mysql.cj.jdbc.ConnectionImpl@3fe98084
?[2m2023-03-24T20:09:06.200+09:00?[0;39m ?[32m INFO?[0;39m ?[35m8952?[0;39m ?[2m---?[0;39m ?[2m[    Test worker]?[0;39m ?[36mcom.zaxxer.hikari.HikariDataSource      ?[0;39m ?[2m:?[0;39m HikariPool-1 - Start completed.
?[2m2023-03-24T20:09:06.213+09:00?[0;39m ?[32m INFO?[0;39m ?[35m8952?[0;39m ?[2m---?[0;39m ?[2m[    Test worker]?[0;39m ?[36mSQL dialect                             ?[0;39m ?[2m:?[0;39m HHH000400: Using dialect: org.hibernate.dialect.MySQL8Dialect
?[2m2023-03-24T20:09:06.213+09:00?[0;39m ?[33m WARN?[0;39m ?[35m8952?[0;39m ?[2m---?[0;39m ?[2m[    Test worker]?[0;39m ?[36morg.hibernate.orm.deprecation           ?[0;39m ?[2m:?[0;39m HHH90000026: MySQL8Dialect has been deprecated; use org.hibernate.dialect.MySQLDialect instead
?[2m2023-03-24T20:09:07.060+09:00?[0;39m ?[32m INFO?[0;39m ?[35m8952?[0;39m ?[2m---?[0;39m ?[2m[    Test worker]?[0;39m ?[36mo.h.e.t.j.p.i.JtaPlatformInitiator      ?[0;39m ?[2m:?[0;39m HHH000490: Using JtaPlatform implementation: [org.hibernate.engine.transaction.jta.platform.internal.NoJtaPlatform]
?[2m2023-03-24T20:09:07.066+09:00?[0;39m ?[32m INFO?[0;39m ?[35m8952?[0;39m ?[2m---?[0;39m ?[2m[    Test worker]?[0;39m ?[36mj.LocalContainerEntityManagerFactoryBean?[0;39m ?[2m:?[0;39m Initialized JPA EntityManagerFactory for persistence unit 'default'
?[2m2023-03-24T20:09:07.664+09:00?[0;39m ?[33m WARN?[0;39m ?[35m8952?[0;39m ?[2m---?[0;39m ?[2m[    Test worker]?[0;39m ?[36mJpaBaseConfiguration$JpaWebConfiguration?[0;39m ?[2m:?[0;39m spring.jpa.open-in-view is enabled by default. Therefore, database queries may be performed during view rendering. Explicitly configure spring.jpa.open-in-view to disable this warning
?[2m2023-03-24T20:09:07.772+09:00?[0;39m ?[32m INFO?[0;39m ?[35m8952?[0;39m ?[2m---?[0;39m ?[2m[    Test worker]?[0;39m ?[36mo.s.s.web.DefaultSecurityFilterChain    ?[0;39m ?[2m:?[0;39m Will secure any request with [org.springframework.security.web.session.DisableEncodeUrlFilter@46c92d27, org.springframework.security.web.context.request.async.WebAsyncManagerIntegrationFilter@2bc52b08, org.springframework.security.web.context.SecurityContextHolderFilter@7f72855d, org.springframework.security.web.header.HeaderWriterFilter@5c960f64, org.springframework.security.web.csrf.CsrfFilter@25bd68ea, org.springframework.security.web.authentication.logout.LogoutFilter@1a507ea0, org.springframework.security.web.authentication.UsernamePasswordAuthenticationFilter@519e14f6, org.springframework.security.web.savedrequest.RequestCacheAwareFilter@3f119b55, org.springframework.security.web.servletapi.SecurityContextHolderAwareRequestFilter@64dcfd09, org.springframework.security.web.authentication.AnonymousAuthenticationFilter@6b578779, org.springframework.security.web.access.ExceptionTranslationFilter@42eaf47f, org.springframework.security.web.access.intercept.AuthorizationFilter@7859fc7]
?[2m2023-03-24T20:09:08.252+09:00?[0;39m ?[32m INFO?[0;39m ?[35m8952?[0;39m ?[2m---?[0;39m ?[2m[    Test worker]?[0;39m ?[36mcom.example.app.AppApplicationTests     ?[0;39m ?[2m:?[0;39m Started AppApplicationTests in 3.967 seconds (process running for 4.973)
Hibernate: select s1_0.id,s1_0.create_date,s1_0.email,s1_0.grade,s1_0.name,s1_0.password,s1_0.personal_id,s1_0.school,s1_0.username from student s1_0 where s1_0.id=?
이천웅0
Hibernate: insert into student_score (create_date, score, student_id, subject) values (?, ?, ?, ?)
Hibernate: select s1_0.id,s1_0.create_date,s1_0.email,s1_0.grade,s1_0.name,s1_0.password,s1_0.personal_id,s1_0.school,s1_0.username from student s1_0 where s1_0.id=?
김현수1
Hibernate: insert into student_score (create_date, score, student_id, subject) values (?, ?, ?, ?)
Hibernate: select s1_0.id,s1_0.create_date,s1_0.email,s1_0.grade,s1_0.name,s1_0.password,s1_0.personal_id,s1_0.school,s1_0.username from student s1_0 where s1_0.id=?
함덕주2
Hibernate: insert into student_score (create_date, score, student_id, subject) values (?, ?, ?, ?)
Hibernate: select s1_0.id,s1_0.create_date,s1_0.email,s1_0.grade,s1_0.name,s1_0.password,s1_0.personal_id,s1_0.school,s1_0.username from student s1_0 where s1_0.id=?
박동원3
Hibernate: insert into student_score (create_date, score, student_id, subject) values (?, ?, ?, ?)
Hibernate: select s1_0.id,s1_0.create_date,s1_0.email,s1_0.grade,s1_0.name,s1_0.password,s1_0.personal_id,s1_0.school,s1_0.username from student s1_0 where s1_0.id=?
이재원4
Hibernate: insert into student_score (create_date, score, student_id, subject) values (?, ?, ?, ?)
Hibernate: select s1_0.id,s1_0.create_date,s1_0.email,s1_0.grade,s1_0.name,s1_0.password,s1_0.personal_id,s1_0.school,s1_0.username from student s1_0 where s1_0.id=?
박해민5
Hibernate: insert into student_score (create_date, score, student_id, subject) values (?, ?, ?, ?)
Hibernate: select s1_0.id,s1_0.create_date,s1_0.email,s1_0.grade,s1_0.name,s1_0.password,s1_0.personal_id,s1_0.school,s1_0.username from student s1_0 where s1_0.id=?
문성주6
Hibernate: insert into student_score (create_date, score, student_id, subject) values (?, ?, ?, ?)
Hibernate: select s1_0.id,s1_0.create_date,s1_0.email,s1_0.grade,s1_0.name,s1_0.password,s1_0.personal_id,s1_0.school,s1_0.username from student s1_0 where s1_0.id=?
문보경7
Hibernate: insert into student_score (create_date, score, student_id, subject) values (?, ?, ?, ?)
Hibernate: select s1_0.id,s1_0.create_date,s1_0.email,s1_0.grade,s1_0.name,s1_0.password,s1_0.personal_id,s1_0.school,s1_0.username from student s1_0 where s1_0.id=?
김기연8
Hibernate: insert into student_score (create_date, score, student_id, subject) values (?, ?, ?, ?)
Hibernate: select s1_0.id,s1_0.create_date,s1_0.email,s1_0.grade,s1_0.name,s1_0.password,s1_0.personal_id,s1_0.school,s1_0.username from student s1_0 where s1_0.id=?
손호영9
Hibernate: insert into student_score (create_date, score, student_id, subject) values (?, ?, ?, ?)
Hibernate: select s1_0.id,s1_0.create_date,s1_0.email,s1_0.grade,s1_0.name,s1_0.password,s1_0.personal_id,s1_0.school,s1_0.username from student s1_0 where s1_0.id=?
이정용10
Hibernate: insert into student_score (create_date, score, student_id, subject) values (?, ?, ?, ?)
Hibernate: select s1_0.id,s1_0.create_date,s1_0.email,s1_0.grade,s1_0.name,s1_0.password,s1_0.personal_id,s1_0.school,s1_0.username from student s1_0 where s1_0.id=?
고우석11
Hibernate: insert into student_score (create_date, score, student_id, subject) values (?, ?, ?, ?)
Hibernate: select s1_0.id,s1_0.create_date,s1_0.email,s1_0.grade,s1_0.name,s1_0.password,s1_0.personal_id,s1_0.school,s1_0.username from student s1_0 where s1_0.id=?
정우영12
Hibernate: insert into student_score (create_date, score, student_id, subject) values (?, ?, ?, ?)
Hibernate: select s1_0.id,s1_0.create_date,s1_0.email,s1_0.grade,s1_0.name,s1_0.password,s1_0.personal_id,s1_0.school,s1_0.username from student s1_0 where s1_0.id=?
강효종13
Hibernate: insert into student_score (create_date, score, student_id, subject) values (?, ?, ?, ?)
Hibernate: select s1_0.id,s1_0.create_date,s1_0.email,s1_0.grade,s1_0.name,s1_0.password,s1_0.personal_id,s1_0.school,s1_0.username from student s1_0 where s1_0.id=?
조원태14
Hibernate: insert into student_score (create_date, score, student_id, subject) values (?, ?, ?, ?)
Hibernate: select s1_0.id,s1_0.create_date,s1_0.email,s1_0.grade,s1_0.name,s1_0.password,s1_0.personal_id,s1_0.school,s1_0.username from student s1_0 where s1_0.id=?
홍창기15
Hibernate: insert into student_score (create_date, score, student_id, subject) values (?, ?, ?, ?)
Hibernate: select s1_0.id,s1_0.create_date,s1_0.email,s1_0.grade,s1_0.name,s1_0.password,s1_0.personal_id,s1_0.school,s1_0.username from student s1_0 where s1_0.id=?
진해수16
Hibernate: insert into student_score (create_date, score, student_id, subject) values (?, ?, ?, ?)
Hibernate: select s1_0.id,s1_0.create_date,s1_0.email,s1_0.grade,s1_0.name,s1_0.password,s1_0.personal_id,s1_0.school,s1_0.username from student s1_0 where s1_0.id=?
성영재17
Hibernate: insert into student_score (create_date, score, student_id, subject) values (?, ?, ?, ?)
Hibernate: select s1_0.id,s1_0.create_date,s1_0.email,s1_0.grade,s1_0.name,s1_0.password,s1_0.personal_id,s1_0.school,s1_0.username from student s1_0 where s1_0.id=?
최성훈18
Hibernate: insert into student_score (create_date, score, student_id, subject) values (?, ?, ?, ?)
Hibernate: select s1_0.id,s1_0.create_date,s1_0.email,s1_0.grade,s1_0.name,s1_0.password,s1_0.personal_id,s1_0.school,s1_0.username from student s1_0 where s1_0.id=?
송은범19
Hibernate: insert into student_score (create_date, score, student_id, subject) values (?, ?, ?, ?)
]]></system-out>
  <system-err><![CDATA[]]></system-err>
</testsuite>
